 PATH path4816 FOUND 
 0) 605.38,119.87
ERROR
    624.74,139.23
ERROR
    625.74,139.23
    626.74,139.23
    588.02,139.23
    607.38,158.59
ERROR
    608.38,158.59
    609.38,158.59
    648.10,158.59
 PATH path4734 FOUND 
 1) 158.75,0.00
    423.69,0.00
ERROR
    582.44,0.00
    847.38,0.00
    928.14,0.00
    1248.64,0.00
    1352.76,0.00
    1718.29,0.00
ERROR
    1838.81,0.00
    2235.95,0.00
    2376.73,0.00
    2843.54,0.00
    2984.32,0.00
    3451.13,0.00
ERROR
    3608.74,0.00
    4081.00,0.00
    4249.69,0.00
    4711.78,0.00
    4892.78,0.00
    5348.03,0.00
ERROR
    5529.03,0.00
    5984.28,0.00
    6164.82,0.00
    6618.84,0.00
    6799.34,0.00
    7253.25,0.00
    215.25,0.00
    439.94,0.00
ERROR
    215.25,0.00
    439.94,0.00
    166.25,0.00
    364.58,0.00
    160.88,0.00
    344.09,0.00
ERROR
    155.50,0.00
    323.61,0.00
    202.41,0.00
    286.25,0.00
    202.41,0.00
    286.25,0.00
    187.47,0.00
    282.69,0.00
ERROR
    187.47,0.00
    282.69,0.00
    187.53,0.00
    282.62,0.00
    187.53,0.00
    282.62,0.00
    175.12,0.00
    275.38,0.00
    158.75,0.00
    264.94,0.00
ERROR
 PATH path4730 FOUND 
 2) 343.34,0.00
    602.37,0.00
ERROR
    945.71,0.00
    1204.74,0.00
    1482.70,0.00
    1765.68,0.00
    2016.37,0.00
    2303.49,0.00
ERROR
    2526.91,0.00
    2818.18,0.00
    2977.12,0.00
    3243.06,0.00
    3402.00,0.00
    3667.94,0.00
    157.66,0.00
    283.88,0.00
    153.59,0.00
    288.19,0.00
ERROR
    150.28,0.00
    286.50,0.00
    148.28,0.00
    285.41,0.00
    148.28,0.00
    285.41,0.00
    136.50,0.00
    296.78,0.00
    125.19,0.00
    309.41,0.00
ERROR
    125.19,0.00
    309.41,0.00
    191.38,0.00
    366.69,0.00
    251.34,0.00
    348.69,0.00
ERROR
    293.43,0.00
    336.05,0.00
    386.19,0.00
    320.44,0.00
    386.19,0.00
    320.44,0.00
ERROR
    393.44,0.00
    307.47,0.00
    379.93,0.00
    298.93,0.00
    370.81,0.00
    289.44,0.00
ERROR
    370.81,0.00
    289.44,0.00
    368.27,0.00
    289.98,0.00
    367.88,0.00
    290.06,0.00
    343.34,0.00
    259.03,0.00
ERROR
 PATH path4720 FOUND 
 3) 160.96,6.14
ERROR
ERROR
    132.57,-75.95
    210.94,-161.31
    312.76,-164.43
    398.40,-78.70
    484.04,7.03
    430.67,11.07
    338.85,19.11
    174.84,18.74
 PATH rect4718 FOUND 
 4) 165.11,25.04
ERROR
    233.28,40.73
    345.21,45.99
    505.58,45.99
    530.47,43.29
    575.62,37.54
    620.77,24.65
ERROR
ERROR
    620.77,17.51
    600.63,4.62
    555.48,-8.27
    395.11,-8.27
ERROR
    370.09,-8.27
    324.94,-2.52
    279.79,10.37
ERROR
ERROR
    279.79,17.51
    300.49,24.77
    345.64,37.66
 PATH path4702 FOUND 
 5) 605.38,119.87
ERROR
    624.74,139.23
ERROR
    625.74,139.23
    626.74,139.23
    588.02,139.23
    607.38,158.59
ERROR
    608.38,158.59
    609.38,158.59
    648.10,158.59
 PATH path4111 FOUND 
 6) 747.36,130.84
ERROR
    858.37,229.58
ERROR
    859.37,229.58
    860.37,229.58
    638.36,229.58
    749.37,328.32
ERROR
    750.37,328.32
    751.37,328.32
    973.38,328.32
 PATH path4826 FOUND 
 7) 897.09,284.45
ERROR
    963.57,334.15
ERROR
    964.57,334.15
    965.57,334.15
    832.62,334.15
    899.10,383.85
ERROR
    900.10,383.85
    901.10,383.85
    1034.05,383.85
 PATH path4836 FOUND 
 8) 897.09,284.45
ERROR
    963.57,334.15
ERROR
    964.57,334.15
    965.57,334.15
    832.62,334.15
    899.10,383.85
ERROR
    900.10,383.85
    901.10,383.85
    1034.05,383.85
 PATH path4113 FOUND 
 9) 747.36,130.84
ERROR
    858.37,229.58
ERROR
    859.37,229.58
    860.37,229.58
    638.36,229.58
    749.37,328.32
ERROR
    750.37,328.32
    751.37,328.32
    973.38,328.32

Object origin:
3564.030000 274.140000

Eagle Command:
set wire_bend 2;
change layer 21;
set width 0;
poly (R -101.766720 -0.335280) (R -101.127840 -0.974160) (R -101.094840 -0.974160) (R -101.061840 -0.974160) (R -102.339600 -0.974160) (R -101.700720 -1.613040) (R -101.667720 -1.613040) (R -101.634720 -1.613040) (R -100.356960 -1.613040) (R -101.766720 -0.335280);
poly (R -116.505510 3.620430) (R -107.762490 3.620430) (R -102.523740 3.620430) (R -93.780720 3.620430) (R -91.115640 3.620430) (R -80.539140 3.620430) (R -77.103180 3.620430) (R -65.040690 3.620430) (R -61.063530 3.620430) (R -47.957910 3.620430) (R -43.312170 3.620430) (R -27.907440 3.620430) (R -23.261700 3.620430) (R -7.856970 3.620430) (R -2.655840 3.620430) (R 12.928740 3.620430) (R 18.495510 3.620430) (R 33.744480 3.620430) (R 39.717480 3.620430) (R 54.740730 3.620430) (R 60.713730 3.620430) (R 75.736980 3.620430) (R 81.694800 3.620430) (R 96.677460 3.620430) (R 102.633960 3.620430) (R 117.612990 3.620430) (R -114.641010 3.620430) (R -107.226240 3.620430) (R -114.641010 3.620430) (R -107.226240 3.620430) (R -116.258010 3.620430) (R -109.713120 3.620430) (R -116.435220 3.620430) (R -110.389290 3.620430) (R -116.612760 3.620430) (R -111.065130 3.620430) (R -115.064730 3.620430) (R -112.298010 3.620430) (R -115.064730 3.620430) (R -112.298010 3.620430) (R -115.557750 3.620430) (R -112.415490 3.620430) (R -115.557750 3.620430) (R -112.415490 3.620430) (R -115.555770 3.620430) (R -112.417800 3.620430) (R -115.555770 3.620430) (R -112.417800 3.620430) (R -115.965300 3.620430) (R -112.656720 3.620430) (R -116.505510 3.620430) (R -113.001240 3.620430) (R -116.505510 3.620430);
poly (R -110.414040 3.620430) (R -101.866050 3.620430) (R -90.535830 3.620430) (R -81.987840 3.620430) (R -72.815160 3.620430) (R -63.476820 3.620430) (R -55.204050 3.620430) (R -45.729090 3.620430) (R -38.356230 3.620430) (R -28.744320 3.620430) (R -23.499300 3.620430) (R -14.723280 3.620430) (R -9.478260 3.620430) (R -0.702240 3.620430) (R -116.541480 3.620430) (R -112.376220 3.620430) (R -116.675790 3.620430) (R -112.233990 3.620430) (R -116.785020 3.620430) (R -112.289760 3.620430) (R -116.851020 3.620430) (R -112.325730 3.620430) (R -116.851020 3.620430) (R -112.325730 3.620430) (R -117.239760 3.620430) (R -111.950520 3.620430) (R -117.612990 3.620430) (R -111.533730 3.620430) (R -117.612990 3.620430) (R -111.533730 3.620430) (R -115.428720 3.620430) (R -109.643490 3.620430) (R -113.450040 3.620430) (R -110.237490 3.620430) (R -112.061070 3.620430) (R -110.654610 3.620430) (R -108.999990 3.620430) (R -111.169740 3.620430) (R -108.999990 3.620430) (R -111.169740 3.620430) (R -108.760740 3.620430) (R -111.597750 3.620430) (R -109.206570 3.620430) (R -111.879570 3.620430) (R -109.507530 3.620430) (R -112.192740 3.620430) (R -109.507530 3.620430) (R -112.192740 3.620430) (R -109.591350 3.620430) (R -112.174920 3.620430) (R -109.604220 3.620430) (R -112.172280 3.620430) (R -110.414040 3.620430) (R -113.196270 3.620430) (R -110.414040 3.620430);
poly (R -116.432580 3.417810) (R -117.369450 6.126780) (R -114.783240 8.943660) (R -111.423180 9.046620) (R -108.597060 6.217530) (R -105.770940 3.388440) (R -107.532150 3.255120) (R -110.562210 2.989800) (R -115.974540 3.002010) (R -116.432580 3.417810);
poly (R -116.295630 2.794110) (R -114.046020 2.276340) (R -110.352330 2.102760) (R -105.060120 2.102760) (R -104.238750 2.191860) (R -102.748800 2.381610) (R -101.258850 2.806980) (R -101.258850 3.042600) (R -101.923470 3.467970) (R -103.413420 3.893340) (R -108.705630 3.893340) (R -109.531290 3.893340) (R -111.021240 3.703590) (R -112.511190 3.278220) (R -112.511190 3.042600) (R -111.828090 2.803020) (R -110.338140 2.377650) (R -116.295630 2.794110);
poly (R -101.766720 -0.335280) (R -101.127840 -0.974160) (R -101.094840 -0.974160) (R -101.061840 -0.974160) (R -102.339600 -0.974160) (R -101.700720 -1.613040) (R -101.667720 -1.613040) (R -101.634720 -1.613040) (R -100.356960 -1.613040) (R -101.766720 -0.335280);
poly (R -97.081380 -0.697290) (R -93.418050 -3.955710) (R -93.385050 -3.955710) (R -93.352050 -3.955710) (R -100.678380 -3.955710) (R -97.015050 -7.214130) (R -96.982050 -7.214130) (R -96.949050 -7.214130) (R -89.622720 -7.214130) (R -97.081380 -0.697290);
poly (R -92.140290 -5.766420) (R -89.946450 -7.406520) (R -89.913450 -7.406520) (R -89.880450 -7.406520) (R -94.267800 -7.406520) (R -92.073960 -9.046620) (R -92.040960 -9.046620) (R -92.007960 -9.046620) (R -87.620610 -9.046620) (R -92.140290 -5.766420);
poly (R -92.140290 -5.766420) (R -89.946450 -7.406520) (R -89.913450 -7.406520) (R -89.880450 -7.406520) (R -94.267800 -7.406520) (R -92.073960 -9.046620) (R -92.040960 -9.046620) (R -92.007960 -9.046620) (R -87.620610 -9.046620) (R -92.140290 -5.766420);
poly (R -97.081380 -0.697290) (R -93.418050 -3.955710) (R -93.385050 -3.955710) (R -93.352050 -3.955710) (R -100.678380 -3.955710) (R -97.015050 -7.214130) (R -96.982050 -7.214130) (R -96.949050 -7.214130) (R -89.622720 -7.214130) (R -97.081380 -0.697290);

