 PATH rect2830-7 FOUND 
 0) 17.72,4.25
    16.73,6.60
    20.44,13.29
    13.50,13.27
    12.19,15.81
    13.34,17.76
    23.28,18.16
    29.23,28.43
    17.31,28.48
    12.70,20.25
    9.81,20.21
    8.73,22.25
    12.28,28.41
    4.02,28.41
    2.67,30.90
    4.06,33.26
    11.86,33.34
    8.49,38.54
    9.69,41.07
    12.34,41.07
    17.02,33.21
    29.07,33.21
    23.59,43.02
    13.96,43.06
    12.58,45.54
    13.81,47.39
    20.94,47.36
    16.85,54.51
    18.23,56.92
    20.89,56.89
    24.87,50.18
    27.87,55.75
    30.52,55.95
    31.84,53.66
    27.31,45.73
    33.36,35.51
    38.88,45.19
    34.05,53.20
    35.51,55.61
    37.57,55.55
    41.20,49.40
    45.36,56.43
    48.09,56.53
    49.58,54.10
    45.57,47.43
    52.02,47.68
    53.35,45.47
    51.90,42.85
    43.15,43.05
    37.50,33.27
    48.94,33.19
    53.39,40.98
    55.96,41.00
    57.28,38.82
    54.06,33.19
    61.75,33.15
    63.19,30.62
    61.63,28.51
    54.15,28.43
    57.50,22.44
    55.99,20.03
    53.76,19.98
    48.55,28.43
    37.37,28.60
    43.40,18.10
    52.36,18.15
    53.65,15.96
    52.35,13.69
    46.08,13.60
    49.68,7.04
    48.30,4.41
    45.55,4.62
    41.79,11.23
    38.16,5.32
    35.42,5.49
    34.31,7.30
    39.04,16.05
    33.24,26.00
    27.15,15.41
    31.80,7.51
    30.56,5.47
    27.91,5.29
    24.56,10.79
    20.95,4.36
    17.68,4.30
ERROR
    17.72,4.26
 PATH rect2830 FOUND 
 1) 16.90,5.66
    15.64,8.41
    19.29,14.75
    12.64,14.73
    11.18,17.59
    12.47,19.85
    22.38,20.13
    28.02,29.91
    16.82,29.92
    12.13,21.70
    8.89,21.70
    7.75,24.05
    11.11,29.90
    3.21,29.90
    1.63,32.54
    3.21,35.29
    10.64,35.29
    7.42,40.38
    8.76,43.10
    11.79,43.14
    16.51,35.29
    27.89,35.29
    22.57,44.53
    13.10,44.49
    11.48,47.29
    12.94,49.45
    19.69,49.46
    15.74,56.30
    17.23,58.99
    20.40,59.00
    24.12,52.56
    26.92,57.89
    29.95,58.09
    31.50,55.48
    27.06,47.47
    32.58,37.90
    37.73,46.84
    32.94,55.01
    34.55,57.82
    37.15,57.63
    40.55,51.80
    44.49,58.65
    47.56,58.71
    49.16,55.97
    45.45,49.53
    51.47,49.78
    53.16,47.26
    51.68,44.61
    42.52,44.43
    37.28,35.31
    47.95,35.31
    52.48,43.18
    55.31,43.16
    56.90,40.67
    53.91,35.32
    61.11,35.32
    62.87,32.39
    61.11,29.93
    53.79,29.93
    57.12,24.17
    55.37,21.48
    52.77,21.47
    47.59,29.93
    37.18,29.94
    42.77,20.25
    51.85,20.26
    53.24,17.80
    51.91,15.13
    45.78,15.04
    49.38,8.80
    47.72,5.82
    44.71,6.11
    41.06,12.45
    37.74,6.69
    34.54,6.86
    33.23,9.11
    37.96,17.82
    32.61,27.11
    26.87,17.13
    31.44,9.28
    30.01,6.84
    27.05,6.71
    23.90,11.96
    20.31,5.72
    16.90,5.66

Object origin:
30.780000 27.375000

Eagle Command:
set wire_bend 2;
change layer 21;
set width 0;
poly (R -0.440700 0.821250) (R -0.470400 0.750750) (R -0.359100 0.550050) (R -0.567300 0.550650) (R -0.606600 0.474450) (R -0.572100 0.415950) (R -0.273900 0.403950) (R -0.095400 0.095850) (R -0.453000 0.094350) (R -0.591300 0.341250) (R -0.678000 0.342450) (R -0.710400 0.281250) (R -0.603900 0.096450) (R -0.851700 0.096450) (R -0.892200 0.021750) (R -0.850500 -0.049050) (R -0.616500 -0.051450) (R -0.717600 -0.207450) (R -0.681600 -0.283350) (R -0.602100 -0.283350) (R -0.461700 -0.047550) (R -0.100200 -0.047550) (R -0.264600 -0.341850) (R -0.553500 -0.343050) (R -0.594900 -0.417450) (R -0.558000 -0.472950) (R -0.344100 -0.472050) (R -0.466800 -0.686550) (R -0.425400 -0.758850) (R -0.345600 -0.757950) (R -0.226200 -0.556650) (R -0.136200 -0.723750) (R -0.056700 -0.729750) (R -0.017100 -0.661050) (R -0.153000 -0.423150) (R 0.028500 -0.116550) (R 0.194100 -0.406950) (R 0.049200 -0.647250) (R 0.093000 -0.719550) (R 0.154800 -0.717750) (R 0.263700 -0.533250) (R 0.388500 -0.744150) (R 0.470400 -0.747150) (R 0.515100 -0.674250) (R 0.394800 -0.474150) (R 0.588300 -0.481650) (R 0.628200 -0.415350) (R 0.584700 -0.336750) (R 0.322200 -0.342750) (R 0.152700 -0.049350) (R 0.495900 -0.046950) (R 0.629400 -0.280650) (R 0.706500 -0.281250) (R 0.746100 -0.215850) (R 0.649500 -0.046950) (R 0.880200 -0.045750) (R 0.923400 0.030150) (R 0.876600 0.093450) (R 0.652200 0.095850) (R 0.752700 0.275550) (R 0.707400 0.347850) (R 0.640500 0.349350) (R 0.484200 0.095850) (R 0.148800 0.090750) (R 0.329700 0.405750) (R 0.598500 0.404250) (R 0.637200 0.469950) (R 0.598200 0.538050) (R 0.410100 0.540750) (R 0.518100 0.737550) (R 0.476700 0.816450) (R 0.394200 0.810150) (R 0.281400 0.611850) (R 0.172500 0.789150) (R 0.090300 0.784050) (R 0.057000 0.729750) (R 0.198900 0.467250) (R 0.024900 0.168750) (R -0.157800 0.486450) (R -0.018300 0.723450) (R -0.055500 0.784650) (R -0.135000 0.790050) (R -0.235500 0.625050) (R -0.343800 0.817950) (R -0.441900 0.819750) (R -0.440700 0.820950) (R -0.440700 0.821250);
poly (R -0.465300 0.778950) (R -0.503100 0.696450) (R -0.393600 0.506250) (R -0.593100 0.506850) (R -0.636900 0.421050) (R -0.598200 0.353250) (R -0.300900 0.344850) (R -0.131700 0.051450) (R -0.467700 0.051150) (R -0.608400 0.297750) (R -0.705600 0.297750) (R -0.739800 0.227250) (R -0.639000 0.051750) (R -0.876000 0.051750) (R -0.923400 -0.027450) (R -0.876000 -0.109950) (R -0.653100 -0.109950) (R -0.749700 -0.262650) (R -0.709500 -0.344250) (R -0.618600 -0.345450) (R -0.477000 -0.109950) (R -0.135600 -0.109950) (R -0.295200 -0.387150) (R -0.579300 -0.385950) (R -0.627900 -0.469950) (R -0.584100 -0.534750) (R -0.381600 -0.535050) (R -0.500100 -0.740250) (R -0.455400 -0.820950) (R -0.360300 -0.821250) (R -0.248700 -0.628050) (R -0.164700 -0.787950) (R -0.073800 -0.793950) (R -0.027300 -0.715650) (R -0.160500 -0.475350) (R 0.005100 -0.188250) (R 0.159600 -0.456450) (R 0.015900 -0.701550) (R 0.064200 -0.785850) (R 0.142200 -0.780150) (R 0.244200 -0.605250) (R 0.362400 -0.810750) (R 0.454500 -0.812550) (R 0.502500 -0.730350) (R 0.391200 -0.537150) (R 0.571800 -0.544650) (R 0.622500 -0.469050) (R 0.578100 -0.389550) (R 0.303300 -0.384150) (R 0.146100 -0.110550) (R 0.466200 -0.110550) (R 0.602100 -0.346650) (R 0.687000 -0.346050) (R 0.734700 -0.271350) (R 0.645000 -0.110850) (R 0.861000 -0.110850) (R 0.913800 -0.022950) (R 0.861000 0.050850) (R 0.641400 0.050850) (R 0.741300 0.223650) (R 0.688800 0.304350) (R 0.610800 0.304650) (R 0.455400 0.050850) (R 0.143100 0.050550) (R 0.310800 0.341250) (R 0.583200 0.340950) (R 0.624900 0.414750) (R 0.585000 0.494850) (R 0.401100 0.497550) (R 0.509100 0.684750) (R 0.459300 0.774150) (R 0.369000 0.765450) (R 0.259500 0.575250) (R 0.159900 0.748050) (R 0.063900 0.742950) (R 0.024600 0.675450) (R 0.166500 0.414150) (R 0.006000 0.135450) (R -0.166200 0.434850) (R -0.029100 0.670350) (R -0.072000 0.743550) (R -0.160800 0.747450) (R -0.255300 0.589950) (R -0.363000 0.777150) (R -0.465300 0.778950) (R -0.465300 0.778950);

